"D:/Users/kaito/Documents/GitHub/BakemonoBakari/Content/Maps/TestStage_BuiltData.uasset" 0
"D:/Users/kaito/Documents/GitHub/BakemonoBakari/Content/Blueprints/DamageHitboxAnimNotifyState.uasset" 1
"../../../Engine/Content/EditorBlueprintResources/StandardMacros.uasset" 2
"D:/Users/kaito/Documents/GitHub/BakemonoBakari/Content/Models/Objects/Texture/Cucamber_texture.uasset" 3
"D:/Users/kaito/Documents/GitHub/BakemonoBakari/Content/Models/Objects/Material/Cucamber.uasset" 4
"D:/Users/kaito/Documents/GitHub/BakemonoBakari/Content/Models/Objects/Mesh/Cucamber.uasset" 5
"D:/Users/kaito/Documents/GitHub/BakemonoBakari/Content/Blueprints/EnemyBulletBP.uasset" 6
"D:/Users/kaito/Documents/GitHub/BakemonoBakari/Content/Blueprints/Input_Interface.uasset" 7
"D:/Users/kaito/Documents/GitHub/BakemonoBakari/Content/Blueprints/SkyLightBP.uasset" 8
"D:/Users/kaito/Documents/GitHub/BakemonoBakari/Content/Blueprints/Spline.uasset" 9
"D:/Users/kaito/Documents/GitHub/BakemonoBakari/Content/Models/Enemy/Boar/Character/Texture/Boar_texture.uasset" 10
"D:/Users/kaito/Documents/GitHub/BakemonoBakari/Content/Models/Enemy/Boar/Character/Material/Boar_Material.uasset" 11
"D:/Users/kaito/Documents/GitHub/BakemonoBakari/Content/Models/Enemy/Boar/Character/Mesh/Boar_Run_PhysicsAsset.uasset" 12
"D:/Users/kaito/Documents/GitHub/BakemonoBakari/Content/Models/Enemy/Boar/Character/Mesh/Boar_Run_Skeleton.uasset" 13
"D:/Users/kaito/Documents/GitHub/BakemonoBakari/Content/Models/Enemy/Boar/Character/Mesh/Boar_Run.uasset" 14
"D:/Users/kaito/Documents/GitHub/BakemonoBakari/Content/Blueprints/SplineMove.uasset" 15
"D:/Users/kaito/Documents/GitHub/BakemonoBakari/Content/Effects/Textures/Torare1.uasset" 16
"D:/Users/kaito/Documents/GitHub/BakemonoBakari/Content/Effects/Materials/Base_Materials/Textuer_Animetion_Base.uasset" 17
"D:/Users/kaito/Documents/GitHub/BakemonoBakari/Content/Effects/Textures/Torare4_Blue.uasset" 18
"D:/Users/kaito/Documents/GitHub/BakemonoBakari/Content/Effects/Materials/Enemy_Hit_Blue3.uasset" 19
"D:/Users/kaito/Documents/GitHub/BakemonoBakari/Content/Effects/Textures/HitEffect_2.uasset" 20
"D:/Users/kaito/Documents/GitHub/BakemonoBakari/Content/Effects/Materials/HIt_Impact.uasset" 21
"D:/Users/kaito/Documents/GitHub/BakemonoBakari/Content/Effects/Hit_Cut.uasset" 22
"D:/Users/kaito/Documents/GitHub/BakemonoBakari/Content/Effects/Textures/TestMask.uasset" 23
"D:/Users/kaito/Documents/GitHub/BakemonoBakari/Content/Effects/Materials/Base_Materials/ScaleMove_Base.uasset" 24
"D:/Users/kaito/Documents/GitHub/BakemonoBakari/Content/Effects/Materials/Dust.uasset" 25
"D:/Users/kaito/Documents/GitHub/BakemonoBakari/Content/Effects/Materials/Enemy_HIt.uasset" 26
"D:/Users/kaito/Documents/GitHub/BakemonoBakari/Content/Effects/Textures/Torare2_Blue.uasset" 27
"D:/Users/kaito/Documents/GitHub/BakemonoBakari/Content/Effects/Materials/Enemy_Hit_Blue.uasset" 28
"D:/Users/kaito/Documents/GitHub/BakemonoBakari/Content/Effects/Textures/Torare3_Blue.uasset" 29
"D:/Users/kaito/Documents/GitHub/BakemonoBakari/Content/Effects/Materials/Enemy_Hit_Blue2.uasset" 30
"D:/Users/kaito/Documents/GitHub/BakemonoBakari/Content/Effects/Textures/fire.uasset" 31
"D:/Users/kaito/Documents/GitHub/BakemonoBakari/Content/Effects/Textures/fire_opacitymask.uasset" 32
"D:/Users/kaito/Documents/GitHub/BakemonoBakari/Content/Effects/Materials/Opasity_Mask_Base.uasset" 33
"../../../Engine/Content/EngineMaterials/WeightMapPlaceholderTexture.uasset" 34
"../../../Engine/Content/EngineVolumetrics/LightBeam/Materials/T_EV_LightBeam_Falloff_02.uasset" 35
"../../../Engine/Content/VREditor/WorldMovementGrid/SimpleGrid.uasset" 36
"D:/Users/kaito/Documents/GitHub/BakemonoBakari/Content/Effects/Materials/Particle_Base_Material.uasset" 37
"D:/Users/kaito/Documents/GitHub/BakemonoBakari/Content/Effects/Materials/Ribbon_Base_Material.uasset" 38
"D:/Users/kaito/Documents/GitHub/BakemonoBakari/Content/Effects/Materials/Textuer_Animetion_Base.uasset" 39
"D:/Users/kaito/Documents/GitHub/BakemonoBakari/Content/Effects/Materials/Base_Materials/Particle_Base_Material.uasset" 40
"D:/Users/kaito/Documents/GitHub/BakemonoBakari/Content/Models/Enemy/Boar/Animation/Boar_AnimBP.uasset" 41
"D:/Users/kaito/Documents/GitHub/BakemonoBakari/Content/Models/Enemy/Boar/Animation/Boar_Die_Anim.uasset" 42
"D:/Users/kaito/Documents/GitHub/BakemonoBakari/Content/Models/Enemy/Boar/Animation/Boar_Idle1_Anim.uasset" 43
"D:/Users/kaito/Documents/GitHub/BakemonoBakari/Content/Models/Enemy/Boar/Animation/Boar_Idle2_Anim.uasset" 44
"D:/Users/kaito/Documents/GitHub/BakemonoBakari/Content/Models/Enemy/Boar/Animation/Boar_Run_Anim.uasset" 45
"D:/Users/kaito/Documents/GitHub/BakemonoBakari/Content/Models/Enemy/KamaItachi/Character/Mesh/kamaitachi_Idle_Skeleton.uasset" 46
"D:/Users/kaito/Documents/GitHub/BakemonoBakari/Content/Models/Enemy/KamaItachi/Animation/kamaitachi_Attack_Anim.uasset" 47
"D:/Users/kaito/Documents/GitHub/BakemonoBakari/Content/Models/Enemy/KamaItachi/Animation/kamaitachi_Idle_Anim.uasset" 48
"D:/Users/kaito/Documents/GitHub/BakemonoBakari/Content/Models/Enemy/KamaItachi/Animation/kamaitachi_Run_Anim.uasset" 49
"D:/Users/kaito/Documents/GitHub/BakemonoBakari/Content/Effects/Textures/Dust_Mask_1.uasset" 50
"D:/Users/kaito/Documents/GitHub/BakemonoBakari/Content/Effects/Materials/Dust_1.uasset" 51
"D:/Users/kaito/Documents/GitHub/BakemonoBakari/Content/Effects/Textures/dust_Mask_2.uasset" 52
"D:/Users/kaito/Documents/GitHub/BakemonoBakari/Content/Effects/Materials/Dust_2.uasset" 53
"D:/Users/kaito/Documents/GitHub/BakemonoBakari/Content/Effects/Textures/Dust_Mask_3.uasset" 54
"D:/Users/kaito/Documents/GitHub/BakemonoBakari/Content/Effects/Materials/Dust_3.uasset" 55
"D:/Users/kaito/Documents/GitHub/BakemonoBakari/Content/Effects/Textures/Enemy_GoHome_Effect.uasset" 56
"D:/Users/kaito/Documents/GitHub/BakemonoBakari/Content/Effects/Materials/Enemy_GoHome.uasset" 57
"D:/Users/kaito/Documents/GitHub/BakemonoBakari/Content/Effects/Enemy_GoHome.uasset" 58
"D:/Users/kaito/Documents/GitHub/BakemonoBakari/Content/Sound/SE/crash.uasset" 59
"D:/Users/kaito/Documents/GitHub/BakemonoBakari/Content/Effects/Enemy_EffectBP.uasset" 60
"D:/Users/kaito/Documents/GitHub/BakemonoBakari/Content/Models/Enemy/KamaItachi/Character/Texture/Kamaitachi_texture.uasset" 61
"D:/Users/kaito/Documents/GitHub/BakemonoBakari/Content/Models/Enemy/KamaItachi/Character/Material/Kamaitachi_Material.uasset" 62
"D:/Users/kaito/Documents/GitHub/BakemonoBakari/Content/Models/Enemy/KamaItachi/Character/Mesh/kamaitachi_Idle_PhysicsAsset.uasset" 63
"D:/Users/kaito/Documents/GitHub/BakemonoBakari/Content/Models/Enemy/KamaItachi/Character/Mesh/kamaitachi_Idle.uasset" 64
"D:/Users/kaito/Documents/GitHub/BakemonoBakari/Content/Blueprints/kamaitachi.uasset" 65
"D:/Users/kaito/Documents/GitHub/BakemonoBakari/Content/Models/Enemy/KamaItachi/Animation/Kamaitadhi_AnimBP.uasset" 66
"D:/Users/kaito/Documents/GitHub/BakemonoBakari/Content/Models/Enemy/Kappa/Character/Mesh/Kappa_Skeleton.uasset" 67
"D:/Users/kaito/Documents/GitHub/BakemonoBakari/Content/Models/Enemy/Kappa/Animation/Kappa_Idle.uasset" 68
"D:/Users/kaito/Documents/GitHub/BakemonoBakari/Content/Models/Enemy/Kappa/Animation/Kappa_Idle2.uasset" 69
"D:/Users/kaito/Documents/GitHub/BakemonoBakari/Content/Models/Enemy/Kappa/Animation/Kappa_Idle3.uasset" 70
"D:/Users/kaito/Documents/GitHub/BakemonoBakari/Content/Models/Enemy/Kappa/Animation/Kappa_Walk.uasset" 71
"D:/Users/kaito/Documents/GitHub/BakemonoBakari/Content/Models/Enemy/OkuriInu/Character/Okuriinu_texture.uasset" 72
"D:/Users/kaito/Documents/GitHub/BakemonoBakari/Content/Models/Enemy/OkuriInu/Character/Materials/lambert1.uasset" 73
"D:/Users/kaito/Documents/GitHub/BakemonoBakari/Content/Models/Enemy/Yatagarasu/Character/Mash/Yatagarasu_Idle_Skeleton.uasset" 74
"D:/Users/kaito/Documents/GitHub/BakemonoBakari/Content/Models/Enemy/Yatagarasu/Animation/Yatagarasu_Attack1_Anim.uasset" 75
"D:/Users/kaito/Documents/GitHub/BakemonoBakari/Content/Models/Enemy/Yatagarasu/Animation/Yatagarasu_Attack2_Anim.uasset" 76
"D:/Users/kaito/Documents/GitHub/BakemonoBakari/Content/Models/Enemy/Yatagarasu/Animation/Yatagarasu_Attack3_Anim.uasset" 77
"D:/Users/kaito/Documents/GitHub/BakemonoBakari/Content/Models/Enemy/Yatagarasu/Animation/Yatagarasu_Attack4_Anim.uasset" 78
"D:/Users/kaito/Documents/GitHub/BakemonoBakari/Content/Models/Enemy/Yatagarasu/Animation/Yatagarasu_Attack5_Anim.uasset" 79
"D:/Users/kaito/Documents/GitHub/BakemonoBakari/Content/Models/Enemy/Yatagarasu/Animation/Yatagarasu_Fly_Anim.uasset" 80
"D:/Users/kaito/Documents/GitHub/BakemonoBakari/Content/Models/Enemy/Yatagarasu/Animation/Yatagarasu_Idle_Anim.uasset" 81
"D:/Users/kaito/Documents/GitHub/BakemonoBakari/Content/Models/Enemy/Yatagarasu/Animation/Yatagarasu_Walk2_Anim.uasset" 82
"D:/Users/kaito/Documents/GitHub/BakemonoBakari/Content/Models/Enemy/Yatagarasu/Animation/Yatagarasu_Walk_Anim.uasset" 83
"D:/Users/kaito/Documents/GitHub/BakemonoBakari/Content/Models/Enemy/Yatagarasu/Animation/Yatagarasu_AnimBP.uasset" 84
"D:/Users/kaito/Documents/GitHub/BakemonoBakari/Content/Models/Mannequin/Character/Mesh/UE4_Mannequin_Skeleton.uasset" 85
"D:/Users/kaito/Documents/GitHub/BakemonoBakari/Content/Models/Mannequin/Animations/sword_and_shield_crouch_idle.uasset" 86
"D:/Users/kaito/Documents/GitHub/BakemonoBakari/Content/Sound/SE/slash-1.uasset" 87
"D:/Users/kaito/Documents/GitHub/BakemonoBakari/Content/Models/Mannequin/Animations/sword_and_shield_crouchslash.uasset" 88
"D:/Users/kaito/Documents/GitHub/BakemonoBakari/Content/Models/Mannequin/Animations/sword_and_shield_death__2_.uasset" 89
"D:/Users/kaito/Documents/GitHub/BakemonoBakari/Content/Sound/SE/playerDamage.uasset" 90
"D:/Users/kaito/Documents/GitHub/BakemonoBakari/Content/Models/Mannequin/Animations/sword_and_shield_impact.uasset" 91
"D:/Users/kaito/Documents/GitHub/BakemonoBakari/Content/Effects/Materials/Base_Materials/Ribbon_Base_Material.uasset" 92
"D:/Users/kaito/Documents/GitHub/BakemonoBakari/Content/Effects/Torail.uasset" 93
"D:/Users/kaito/Documents/GitHub/BakemonoBakari/Content/Sound/SE/slash-2.uasset" 94
"D:/Users/kaito/Documents/GitHub/BakemonoBakari/Content/Models/Mannequin/Animations/sword_and_shield_slash.uasset" 95
"D:/Users/kaito/Documents/GitHub/BakemonoBakari/Content/Models/Mannequin/Animations/ThirdPerson_Jump.uasset" 96
"D:/Users/kaito/Documents/GitHub/BakemonoBakari/Content/Models/Mannequin/Animations/ThirdPersonJump_Loop.uasset" 97
"D:/Users/kaito/Documents/GitHub/BakemonoBakari/Content/Models/Mannequin/Animations/ThirdPersonJump_Start.uasset" 98
"D:/Users/kaito/Documents/GitHub/BakemonoBakari/Content/Models/Mannequin/Animations/ThirdPersonIdle.uasset" 99
"D:/Users/kaito/Documents/GitHub/BakemonoBakari/Content/Effects/Textures/walk_Effect.uasset" 100
"D:/Users/kaito/Documents/GitHub/BakemonoBakari/Content/Effects/Materials/Walk_Smoke.uasset" 101
"D:/Users/kaito/Documents/GitHub/BakemonoBakari/Content/Effects/Walk_Smoke.uasset" 102
"D:/Users/kaito/Documents/GitHub/BakemonoBakari/Content/Models/Mannequin/Animations/ThirdPersonRun.uasset" 103
"D:/Users/kaito/Documents/GitHub/BakemonoBakari/Content/Models/Mannequin/Animations/ThirdPersonWalk.uasset" 104
"D:/Users/kaito/Documents/GitHub/BakemonoBakari/Content/Models/Mannequin/Animations/ThirdPerson_IdleRun_2D.uasset" 105
"../../../Engine/Content/Functions/Engine_MaterialFunctions02/Utility/BlendAngleCorrectedNormals.uasset" 106
"../../../Engine/Content/Functions/MaterialLayerFunctions/MatLayerBlend_NormalBlend.uasset" 107
"../../../Engine/Content/Functions/MaterialLayerFunctions/MatLayerBlend_Simple.uasset" 108
"D:/Users/kaito/Documents/GitHub/BakemonoBakari/Content/Models/Mannequin/Character/Materials/MaterialLayers/T_ML_Rubber_Blue_01_D.uasset" 109
"D:/Users/kaito/Documents/GitHub/BakemonoBakari/Content/Models/Mannequin/Character/Materials/MaterialLayers/T_ML_Rubber_Blue_01_N.uasset" 110
"D:/Users/kaito/Documents/GitHub/BakemonoBakari/Content/Models/Mannequin/Character/Materials/MaterialLayers/ML_GlossyBlack_Latex_UE4.uasset" 111
"D:/Users/kaito/Documents/GitHub/BakemonoBakari/Content/Models/Mannequin/Character/Materials/MaterialLayers/ML_Plastic_Shiny_Beige.uasset" 112
"D:/Users/kaito/Documents/GitHub/BakemonoBakari/Content/Models/Mannequin/Character/Textures/UE4_LOGO_CARD.uasset" 113
"D:/Users/kaito/Documents/GitHub/BakemonoBakari/Content/Models/Mannequin/Character/Materials/MaterialLayers/ML_Plastic_Shiny_Beige_LOGO.uasset" 114
"D:/Users/kaito/Documents/GitHub/BakemonoBakari/Content/Models/Mannequin/Character/Materials/MaterialLayers/T_ML_Aluminum01.uasset" 115
"D:/Users/kaito/Documents/GitHub/BakemonoBakari/Content/Models/Mannequin/Character/Materials/MaterialLayers/T_ML_Aluminum01_N.uasset" 116
"D:/Users/kaito/Documents/GitHub/BakemonoBakari/Content/Models/Mannequin/Character/Materials/MaterialLayers/ML_SoftMetal_UE4.uasset" 117
"D:/Users/kaito/Documents/GitHub/BakemonoBakari/Content/Models/Mannequin/Character/Textures/UE4_Mannequin__normals.uasset" 118
"D:/Users/kaito/Documents/GitHub/BakemonoBakari/Content/Models/Mannequin/Character/Textures/UE4_Mannequin_MAT_MASKA.uasset" 119
"D:/Users/kaito/Documents/GitHub/BakemonoBakari/Content/Models/Mannequin/Character/Materials/M_UE4Man_Body.uasset" 120
"D:/Users/kaito/Documents/GitHub/BakemonoBakari/Content/Models/Mannequin/Character/Textures/UE4Man_Logo_N.uasset" 121
"D:/Users/kaito/Documents/GitHub/BakemonoBakari/Content/Models/Mannequin/Character/Materials/M_UE4Man_ChestLogo.uasset" 122
"D:/Users/kaito/Documents/GitHub/BakemonoBakari/Content/Models/Mannequin/Character/Mesh/SK_Mannequin_PhysicsAsset.uasset" 123
"D:/Users/kaito/Documents/GitHub/BakemonoBakari/Content/Models/Mannequin/Character/Mesh/SK_Mannequin.uasset" 124
"D:/Users/kaito/Documents/GitHub/BakemonoBakari/Content/Blueprints/SideScrollerCharacter.uasset" 125
"D:/Users/kaito/Documents/GitHub/BakemonoBakari/Content/Models/Mannequin/Animations/ThirdPerson_AnimBP.uasset" 126
"D:/Users/kaito/Documents/GitHub/BakemonoBakari/Content/Models/Mannequin/Animations/SideScrollerCharacter.uasset" 127
"D:/Users/kaito/Documents/GitHub/BakemonoBakari/Content/Models/Mannequin/Animations/ThirdPersonJump_End.uasset" 128
"D:/Users/kaito/Documents/GitHub/BakemonoBakari/Content/Models/PlayerCharacter/Character/Materials/PlayerCharacter_Material.uasset" 129
"D:/Users/kaito/Documents/GitHub/BakemonoBakari/Content/Models/PlayerCharacter/Character/Mesh/imsge.uasset" 130
"D:/Users/kaito/Documents/GitHub/BakemonoBakari/Content/Models/PlayerCharacter/Character/Materials/KIN.uasset" 131
"D:/Users/kaito/Documents/GitHub/BakemonoBakari/Content/Models/PlayerCharacter/Character/Materials/URUSHI.uasset" 132
"D:/Users/kaito/Documents/GitHub/BakemonoBakari/Content/Models/PlayerCharacter/Character/Mesh/KATANA_SAYA.uasset" 133
"D:/Users/kaito/Documents/GitHub/BakemonoBakari/Content/Models/PlayerCharacter/Character/Materials/IRO.uasset" 134
"D:/Users/kaito/Documents/GitHub/BakemonoBakari/Content/Models/PlayerCharacter/Character/Mesh/KATANA_TUKA.uasset" 135
"D:/Users/kaito/Documents/GitHub/BakemonoBakari/Content/Models/PlayerCharacter/Character/Materials/OMEME.uasset" 136
"D:/Users/kaito/Documents/GitHub/BakemonoBakari/Content/Models/PlayerCharacter/Character/Mesh/Test_PhysicsAsset.uasset" 137
"D:/Users/kaito/Documents/GitHub/BakemonoBakari/Content/Models/PlayerCharacter/Character/Mesh/Test_Skeleton.uasset" 138
"D:/Users/kaito/Documents/GitHub/BakemonoBakari/Content/Models/PlayerCharacter/Character/Mesh/Test.uasset" 139
"D:/Users/kaito/Documents/GitHub/BakemonoBakari/Content/Models/PlayerCharacter/Character/Mesh/Test_Anim.uasset" 140
"D:/Users/kaito/Documents/GitHub/BakemonoBakari/Content/Models/PlayerCharacter/Character/Texture/imsge.uasset" 141
"D:/Users/kaito/Documents/GitHub/BakemonoBakari/Content/Sound/BGM/field.uasset" 142
"../../../Engine/Content/Animation/DefaultAnimCurveCompressionSettings.uasset" 143
"../../../Engine/Content/Functions/Engine_MaterialFunctions01/Opacity/CameraDepthFade.uasset" 144
"../../../Engine/Content/EngineMaterials/T_Default_Material_Grid_M.uasset" 145
"../../../Engine/Content/EngineMaterials/T_Default_Material_Grid_N.uasset" 146
"../../../Engine/Content/EngineMaterials/WorldGridMaterial.uasset" 147
"../../../Engine/Content/ArtTools/RenderToTexture/Meshes/S_1_Unit_Plane.uasset" 148
"../../../Engine/Content/EngineMaterials/DefaultMaterial.uasset" 149
"../../../Engine/Content/BasicShapes/Cone.uasset" 150
"../../../Engine/Content/BasicShapes/Cylinder.uasset" 151
"../../../Engine/Content/BasicShapes/Plane.uasset" 152
"../../../Engine/Content/EditorLandscapeResources/DataLayer.uasset" 153
"../../../Engine/Content/EditorMaterials/MAT_Groups_Toggle.uasset" 154
"../../../Engine/Content/EditorMaterials/MAT_Groups_Visibility.uasset" 155
"../../../Engine/Content/EditorMaterials/PreviewShadowIndicator.uasset" 156
"../../../Engine/Content/EditorMaterials/PreviewShadowIndicatorMaterial.uasset" 157
"../../../Engine/Content/EditorMaterials/MatineeGroups/MAT_ColorTrack.uasset" 158
"../../../Engine/Content/EditorMaterials/MatineeGroups/MAT_Groups_Anim.uasset" 159
"../../../Engine/Content/EditorMaterials/MatineeGroups/MAT_Groups_AudioMaster.uasset" 160
"../../../Engine/Content/EditorMaterials/MatineeGroups/MAT_Groups_Director.uasset" 161
"../../../Engine/Content/EditorMaterials/MatineeGroups/MAT_Groups_Event.uasset" 162
"../../../Engine/Content/EditorMaterials/MatineeGroups/MAT_Groups_Fade.uasset" 163
"../../../Engine/Content/EditorMaterials/MatineeGroups/MAT_Groups_Float.uasset" 164
"../../../Engine/Content/EditorMaterials/MatineeGroups/MAT_Groups_Move.uasset" 165
"../../../Engine/Content/EditorMaterials/MatineeGroups/MAT_Groups_Slomo.uasset" 166
"../../../Engine/Content/EditorMaterials/MatineeGroups/MAT_Groups_Sound.uasset" 167
"../../../Engine/Content/EditorMaterials/MatineeGroups/MAT_Groups_Vector.uasset" 168
"../../../Engine/Content/EditorMaterials/ParticleSystems/PSysThumbnail_NoImage.uasset" 169
"../../../Engine/Content/EditorMaterials/ParticleSystems/PSysThumbnail_OOD.uasset" 170
"../../../Engine/Content/EditorMaterials/Camera/CineMat.uasset" 171
"../../../Engine/Content/EditorMaterials/Camera/MI_CineMat_Rig.uasset" 172
"../../../Engine/Content/EditorMeshes/Camera/SM_CraneRig_Arm.uasset" 173
"../../../Engine/Content/EditorMeshes/Camera/SM_CraneRig_Base.uasset" 174
"../../../Engine/Content/EditorMeshes/Camera/SM_CraneRig_Body.uasset" 175
"../../../Engine/Content/EditorMeshes/Camera/SM_CraneRig_Mount.uasset" 176
"../../../Engine/Content/EditorMeshes/Camera/SM_RailRig_Mount.uasset" 177
"../../../Engine/Content/EditorMeshes/Camera/SM_RailRig_Track.uasset" 178
"../../../Engine/Content/EditorResources/BSPVertex.uasset" 179
"../../../Engine/Content/EditorResources/EmptyActor.uasset" 180
"../../../Engine/Content/EditorResources/S_Actor.uasset" 181
"../../../Engine/Content/EditorResources/S_Note.uasset" 182
"../../../Engine/Content/EditorResources/S_Solver.uasset" 183
"../../../Engine/Content/EditorResources/S_Trigger.uasset" 184
"../../../Engine/Content/EditorResources/AudioIcons/S_AudioComponent_AutoActivate.uasset" 185
"../../../Engine/Content/EditorResources/LightIcons/S_LightError.uasset" 186
"../../../Engine/Content/EditorResources/SequenceRecorder/Countdown.uasset" 187
"../../../Engine/Content/EditorResources/SequenceRecorder/RecordingIndicator.uasset" 188
"../../../Engine/Content/EditorSounds/Notifications/CompileFailed.uasset" 189
"../../../Engine/Content/EditorSounds/Notifications/CompileFailed_Cue.uasset" 190
"../../../Engine/Content/EditorSounds/Notifications/CompileSuccess.uasset" 191
"../../../Engine/Content/EditorSounds/Notifications/CompileStart_Cue.uasset" 192
"../../../Engine/Content/EditorSounds/Notifications/CompileSuccess_Cue.uasset" 193
"../../../Engine/Content/EngineDamageTypes/DmgTypeBP_Environmental.uasset" 194
"../../../Engine/Content/EngineDebugMaterials/DebugEditorMaterial.uasset" 195
"../../../Engine/Content/EngineDebugMaterials/DebugMeshMaterial.uasset" 196
"../../../Engine/Content/EngineDebugMaterials/M_SimpleTranslucent.uasset" 197
"../../../Engine/Content/Functions/Engine_MaterialFunctions02/Utility/CameraDirectionVector.uasset" 198
"../../../Engine/Content/EngineDebugMaterials/VolumeToRender.uasset" 199
"../../../Engine/Content/EngineDebugMaterials/M_VolumeRenderSphereTracePP.uasset" 200
"../../../Engine/Content/EngineDebugMaterials/WireframeMaterial.uasset" 201
"../../../Engine/Content/EngineFonts/Faces/DroidSansFallback.uasset" 202
"../../../Engine/Content/EngineFonts/Faces/RobotoBold.uasset" 203
"../../../Engine/Content/EngineFonts/Faces/RobotoBoldItalic.uasset" 204
"../../../Engine/Content/EngineFonts/Faces/RobotoItalic.uasset" 205
"../../../Engine/Content/EngineFonts/Faces/RobotoLight.uasset" 206
"../../../Engine/Content/EngineFonts/Faces/RobotoRegular.uasset" 207
"../../../Engine/Content/EngineFonts/Roboto.uasset" 208
"../../../Engine/Content/EngineMaterials/BaseFlattenDiffuseMap.uasset" 209
"../../../Engine/Content/EngineMaterials/BaseFlattenEmissiveMap.uasset" 210
"../../../Engine/Content/EngineMaterials/BaseFlattenGrayscaleMap.uasset" 211
"../../../Engine/Content/EngineMaterials/BaseFlattenNormalMap.uasset" 212
"../../../Engine/Content/EngineMaterials/BaseFlattenMaterial.uasset" 213
"../../../Engine/Content/EngineMaterials/BlueNoise.uasset" 214
"../../../Engine/Content/EngineMaterials/DefaultBloomKernel.uasset" 215
"../../../Engine/Content/EngineMaterials/DefaultBokeh.uasset" 216
"../../../Engine/Content/EngineMaterials/DefaultDiffuse.uasset" 217
"../../../Engine/Content/EngineMaterials/DefaultDeferredDecalMaterial.uasset" 218
"../../../Engine/Content/EngineMaterials/DefaultLightFunctionMaterial.uasset" 219
"../../../Engine/Content/EngineMaterials/DefaultPhysicalMaterial.uasset" 220
"../../../Engine/Content/Functions/Engine_MaterialFunctions02/Utility/BreakOutFloat2Components.uasset" 221
"../../../Engine/Content/EngineMaterials/DefaultPostProcessMaterial.uasset" 222
"../../../Engine/Content/EngineFonts/RobotoDistanceField.uasset" 223
"../../../Engine/Content/EngineMaterials/DefaultTextMaterialOpaque.uasset" 224
"../../../Engine/Content/EngineMaterials/DefaultVirtualTextureMaterial.uasset" 225
"../../../Engine/Content/EngineMaterials/DefaultWhiteGrid.uasset" 226
"../../../Engine/Content/EngineMaterials/DefaultWhiteGrid_Low.uasset" 227
"../../../Engine/Content/EngineMaterials/EmissiveMeshMaterial.uasset" 228
"../../../Engine/Content/EngineMaterials/GizmoMaterial.uasset" 229
"../../../Engine/Content/EngineMaterials/Good64x64TilingNoiseHighFreq.uasset" 230
"../../../Engine/Content/EngineMaterials/HairDefaultMaterial.uasset" 231
"../../../Engine/Content/EngineMaterials/MiniFont.uasset" 232
"../../../Engine/Content/EngineMaterials/InvalidLightmapSettings.uasset" 233
"../../../Engine/Content/EngineMaterials/M_InvalidLightmapSettings.uasset" 234
"../../../Engine/Content/Functions/Engine_MaterialFunctions02/WorldPositionOffset/CameraOffset.uasset" 235
"../../../Engine/Content/EngineMaterials/PhAT_JointLimitMaterial.uasset" 236
"../../../Engine/Content/EngineMaterials/PreintegratedSkinBRDF.uasset" 237
"../../../Engine/Content/EngineMaterials/RemoveSurfaceMaterial.uasset" 238
"../../../Engine/Content/EngineResources/WhiteSquareTexture.uasset" 239
"../../../Engine/Content/EngineMaterials/Widget3DPassThrough.uasset" 240
"../../../Engine/Content/EngineMaterials/Widget3DPassThrough_Masked.uasset" 241
"../../../Engine/Content/EngineMaterials/Widget3DPassThrough_Opaque.uasset" 242
"../../../Engine/Content/EngineMaterials/Widget3DPassThrough_Masked_OneSided.uasset" 243
"../../../Engine/Content/EngineMaterials/Widget3DPassThrough_Opaque_OneSided.uasset" 244
"../../../Engine/Content/EngineMaterials/Widget3DPassThrough_Translucent.uasset" 245
"../../../Engine/Content/EngineMaterials/Widget3DPassThrough_Translucent_OneSided.uasset" 246
"../../../Engine/Content/EngineMeshes/Cylinder.uasset" 247
"../../../Engine/Content/EngineMeshes/Sphere.uasset" 248
"../../../Engine/Content/EngineResources/Black.uasset" 249
"../../../Engine/Content/EngineResources/DefaultTexture.uasset" 250
"../../../Engine/Content/EngineResources/DefaultTextureCube.uasset" 251
"../../../Engine/Content/EngineResources/DefaultVolumeTexture2D.uasset" 252
"../../../Engine/Content/EngineResources/DefaultVolumeTexture.uasset" 253
"../../../Engine/Content/EngineResources/GradientTexture0.uasset" 254
"../../../Engine/Content/EngineSounds/Master.uasset" 255
"../../../Engine/Content/Functions/Engine_MaterialFunctions01/Shading/ConvertFromDiffSpec.uasset" 256
"../../../Engine/Content/Functions/Engine_MaterialFunctions01/Shading/PowerToRoughness.uasset" 257
"../../../Engine/Content/Maps/Templates/Thumbnails/Default.uasset" 258
"../../../Engine/Content/Maps/Templates/Thumbnails/TimeOfDay.uasset" 259
"../../../Engine/Content/Maps/Templates/Thumbnails/VR-Basic.uasset" 260
"../../../Engine/Content/MobileResources/T_MobileControls_texture.uasset" 261
"../../../Engine/Content/MobileResources/T_MobileMenu2.uasset" 262
"../../../Engine/Content/MobileResources/HUD/AnalogHat.uasset" 263
"../../../Engine/Content/MobileResources/HUD/VirtualJoystick_Background.uasset" 264
"../../../Engine/Content/MobileResources/HUD/VirtualJoystick_Thumb.uasset" 265
"../../../Engine/Content/MobileResources/HUD/DefaultVirtualJoysticks.uasset" 266
"../../../Engine/Content/MobileResources/HUD/LeftVirtualJoystickOnly.uasset" 267
"../../../Engine/Content/MobileResources/HUD/MobileHUDButton1_off.uasset" 268
"../../../Engine/Content/MobileResources/HUD/MobileHUDButton1_on.uasset" 269
"../../../Engine/Content/MobileResources/HUD/MobileHUDButton2_off.uasset" 270
"../../../Engine/Content/MobileResources/HUD/MobileHUDButton2_on.uasset" 271
"../../../Engine/Content/MobileResources/HUD/MobileHUDButton3.uasset" 272
"../../../Engine/Content/MobileResources/HUD/MobileHUDButtonFire.uasset" 273
"../../../Engine/Content/MobileResources/HUD/MobileHUDDirectionPad.uasset" 274
"../../../Engine/Content/MobileResources/HUD/MobileHUDDirectionPad2.uasset" 275
"../../../Engine/Content/MobileResources/HUD/MobileHUDDirectionPad3.uasset" 276
"../../../Engine/Content/MobileResources/HUD/MobileHUDDirectionStick.uasset" 277
"../../../Engine/Content/MobileResources/HUD/T_Castle_ThumbstickInner.uasset" 278
"../../../Engine/Content/MobileResources/HUD/T_Castle_ThumbstickOutter.uasset" 279
"../../../Engine/Content/Tutorial/ContentIntroCurve.uasset" 280
"../../../Engine/Content/Tutorial/Basics/LevelEditorAttract.uasset" 281
"../../../Engine/Content/Tutorial/BlueprintTutorials/TutorialAssets/Blueprint_64x.uasset" 282
"../../../Engine/Content/Tutorial/BlueprintTutorials/BlueprintEditorTutorial.uasset" 283
"../../../Engine/Content/VREditor/LaserPointer/VR_LaserPower_01.uasset" 284
"../../../Engine/Content/VREditor/TransformGizmo/TransformGizmoMaterial.uasset" 285
"../../../Engine/Content/VREditor/TransformGizmo/TranslucentTransformGizmoMaterial.uasset" 286
"../../../Engine/Content/VREditor/TransformGizmo/BoundingBoxCorner.uasset" 287
"../../../Engine/Content/VREditor/TransformGizmo/BoundingBoxEdge.uasset" 288
"../../../Engine/Content/VREditor/TransformGizmo/PlaneTranslationHandle.uasset" 289
"../../../Engine/Content/VREditor/TransformGizmo/Main.uasset" 290
"../../../Engine/Content/VREditor/TransformGizmo/Xray.uasset" 291
"../../../Engine/Content/VREditor/TransformGizmo/SM_Sequencer_Key.uasset" 292
"../../../Engine/Content/VREditor/TransformGizmo/SM_Sequencer_Node.uasset" 293
"../../Plugins/2D/Paper2D/Content/PlaceholderTextures/DummySpriteTexture.uasset" 294
"../../Plugins/2D/Paper2D/Content/DummySprite.uasset" 295
"../../Plugins/2D/Paper2D/Content/DefaultPaperTerrainMaterial.uasset" 296
"../../Plugins/2D/Paper2D/Content/DummySpriteTexture.uasset" 297
"../../Plugins/2D/Paper2D/Content/DefaultSpriteMaterial.uasset" 298
"../../Plugins/2D/Paper2D/Content/MaskedUnlitSpriteMaterial.uasset" 299
"../../Plugins/2D/Paper2D/Content/OpaqueUnlitSpriteMaterial.uasset" 300
"D:/Users/kaito/Documents/GitHub/BakemonoBakari/Content/Blueprints/boar.uasset" 301
"D:/Users/kaito/Documents/GitHub/BakemonoBakari/Content/Blueprints/StopScrollBP.uasset" 302
"D:/Users/kaito/Documents/GitHub/BakemonoBakari/Content/Models/Enemy/Kappa/Animation/Kappa_Attack.uasset" 303
"D:/Users/kaito/Documents/GitHub/BakemonoBakari/Content/Models/Enemy/Kappa/Animation/Kappa_Damage.uasset" 304
"D:/Users/kaito/Documents/GitHub/BakemonoBakari/Content/Models/Enemy/Kappa/Animation/Kappa_Idle_Anim.uasset" 305
"D:/Users/kaito/Documents/GitHub/BakemonoBakari/Content/Models/Enemy/Kappa/Animation/Kappa_AnimBP.uasset" 306
"D:/Users/kaito/Documents/GitHub/BakemonoBakari/Content/Models/Enemy/Kappa/Character/Texture/Kappa_texture.uasset" 307
"D:/Users/kaito/Documents/GitHub/BakemonoBakari/Content/Models/Enemy/Kappa/Character/Materials/Kappa_Material.uasset" 308
"D:/Users/kaito/Documents/GitHub/BakemonoBakari/Content/Models/Enemy/Kappa/Character/Mesh/Kappa_PhysicsAsset.uasset" 309
"D:/Users/kaito/Documents/GitHub/BakemonoBakari/Content/Models/Enemy/Kappa/Character/Mesh/Kappa.uasset" 310
"D:/Users/kaito/Documents/GitHub/BakemonoBakari/Content/Blueprints/Kappa_BP.uasset" 311
"D:/Users/kaito/Documents/GitHub/BakemonoBakari/Content/Models/Enemy/OkuriInu/Character/Texture/Okuriinu_texture.uasset" 312
"D:/Users/kaito/Documents/GitHub/BakemonoBakari/Content/Models/Enemy/OkuriInu/Character/Materials/OkuriInuMaterial.uasset" 313
"D:/Users/kaito/Documents/GitHub/BakemonoBakari/Content/Models/Enemy/OkuriInu/Character/Mesh/Enemy_OkuriInu_PhysicsAsset.uasset" 314
"D:/Users/kaito/Documents/GitHub/BakemonoBakari/Content/Models/Enemy/OkuriInu/Character/Mesh/Enemy_OkuriInu_Skeleton.uasset" 315
"D:/Users/kaito/Documents/GitHub/BakemonoBakari/Content/Models/Enemy/OkuriInu/Character/Mesh/Enemy_OkuriInu.uasset" 316
"D:/Users/kaito/Documents/GitHub/BakemonoBakari/Content/Blueprints/okuriinu.uasset" 317
"D:/Users/kaito/Documents/GitHub/BakemonoBakari/Content/Models/Enemy/TutorialEnemy/Character/Texture/TutorialEnemy_Opacitymask.uasset" 318
"D:/Users/kaito/Documents/GitHub/BakemonoBakari/Content/Models/Enemy/TutorialEnemy/Character/Texture/TutorialEnemy_texture.uasset" 319
"D:/Users/kaito/Documents/GitHub/BakemonoBakari/Content/Models/Enemy/TutorialEnemy/Character/Materials/Deku_Mateirial.uasset" 320
"D:/Users/kaito/Documents/GitHub/BakemonoBakari/Content/Models/Enemy/TutorialEnemy/Character/Mesh/TutorialEnemy_Safe_PhysicsAsset.uasset" 321
"D:/Users/kaito/Documents/GitHub/BakemonoBakari/Content/Models/Enemy/TutorialEnemy/Character/Mesh/TutorialEnemy_Safe_Skeleton.uasset" 322
"D:/Users/kaito/Documents/GitHub/BakemonoBakari/Content/Models/Enemy/TutorialEnemy/Character/Mesh/TutorialEnemy_Safe.uasset" 323
"D:/Users/kaito/Documents/GitHub/BakemonoBakari/Content/Blueprints/TrainingGroundEnemy_Rest.uasset" 324
"D:/Users/kaito/Documents/GitHub/BakemonoBakari/Content/Blueprints/BakemonoGameMode.uasset" 325
"D:/Users/kaito/Documents/GitHub/BakemonoBakari/Content/Blueprints/Block.uasset" 326
"D:/Users/kaito/Documents/GitHub/BakemonoBakari/Content/Blueprints/Camera.uasset" 327
"D:/Users/kaito/Documents/GitHub/BakemonoBakari/Content/Blueprints/CameraSplineBP.uasset" 328
"D:/Users/kaito/Documents/GitHub/BakemonoBakari/Content/Effects/Materials/Base_Materials/Opasity_Mask_Base.uasset" 329
"D:/Users/kaito/Documents/GitHub/BakemonoBakari/Content/Effects/Textures/fire_2.uasset" 330
"D:/Users/kaito/Documents/GitHub/BakemonoBakari/Content/Effects/Materials/Fire.uasset" 331
"D:/Users/kaito/Documents/GitHub/BakemonoBakari/Content/Effects/Fire.uasset" 332
"D:/Users/kaito/Documents/GitHub/BakemonoBakari/Content/Models/Objects/Texture/Candle_texture.uasset" 333
"D:/Users/kaito/Documents/GitHub/BakemonoBakari/Content/Models/Objects/Material/Candle.uasset" 334
"D:/Users/kaito/Documents/GitHub/BakemonoBakari/Content/Models/Objects/Mesh/Candle.uasset" 335
"D:/Users/kaito/Documents/GitHub/BakemonoBakari/Content/Blueprints/PointLight.uasset" 336
"D:/Users/kaito/Documents/GitHub/BakemonoBakari/Content/Models/Objects/Texture/Torch_opacitymask.uasset" 337
"D:/Users/kaito/Documents/GitHub/BakemonoBakari/Content/Models/Objects/Texture/Torch_texture.uasset" 338
"D:/Users/kaito/Documents/GitHub/BakemonoBakari/Content/Models/Objects/Material/Torch_Material.uasset" 339
"D:/Users/kaito/Documents/GitHub/BakemonoBakari/Content/Models/Objects/Mesh/Torch.uasset" 340
"D:/Users/kaito/Documents/GitHub/BakemonoBakari/Content/Blueprints/Torch_Blueprint.uasset" 341
"D:/Users/kaito/Documents/GitHub/BakemonoBakari/Content/Maps/Stage0_BuiltData.uasset" 342
"D:/Users/kaito/Documents/GitHub/BakemonoBakari/Content/Models/Backgrounds/Texture/Stage04/tutorialstage_back_texture.uasset" 343
"D:/Users/kaito/Documents/GitHub/BakemonoBakari/Content/Models/Backgrounds/Materials/Stage04/BackMaterial.uasset" 344
"D:/Users/kaito/Documents/GitHub/BakemonoBakari/Content/Models/Backgrounds/Texture/Stage04/TutorialStage_texture.uasset" 345
"D:/Users/kaito/Documents/GitHub/BakemonoBakari/Content/Models/Backgrounds/Materials/Stage04/StageMaterial.uasset" 346
"D:/Users/kaito/Documents/GitHub/BakemonoBakari/Content/Models/Objects/Texture/board_Attack_texture.uasset" 347
"D:/Users/kaito/Documents/GitHub/BakemonoBakari/Content/Models/Objects/Material/Borad_Attack_Material.uasset" 348
"D:/Users/kaito/Documents/GitHub/BakemonoBakari/Content/Models/Objects/Texture/board_Run_texture.uasset" 349
"D:/Users/kaito/Documents/GitHub/BakemonoBakari/Content/Models/Objects/Material/Borad_Run_Material.uasset" 350
"D:/Users/kaito/Documents/GitHub/BakemonoBakari/Content/Models/Backgrounds/Mesh/Stage04/TutorialStage.uasset" 351
"D:/Users/kaito/Documents/GitHub/BakemonoBakari/Content/Models/Backgrounds/Mesh/Stage04/tutorialstage_back.uasset" 352
"D:/Users/kaito/Documents/GitHub/BakemonoBakari/Content/Models/Backgrounds/Texture/Stage04/tutorialstage_front_opacitymask.uasset" 353
"D:/Users/kaito/Documents/GitHub/BakemonoBakari/Content/Models/Backgrounds/Texture/Stage04/tutorialstage_front_texture.uasset" 354
"D:/Users/kaito/Documents/GitHub/BakemonoBakari/Content/Models/Backgrounds/Materials/Stage04/FrontMaterial.uasset" 355
"D:/Users/kaito/Documents/GitHub/BakemonoBakari/Content/Models/Backgrounds/Mesh/Stage04/tutorialstage_front.uasset" 356
"D:/Users/kaito/Documents/GitHub/BakemonoBakari/Content/Models/Objects/Texture/board_Jump_texture.uasset" 357
"D:/Users/kaito/Documents/GitHub/BakemonoBakari/Content/Models/Objects/Material/Borad_Jump_Material.uasset" 358
"D:/Users/kaito/Documents/GitHub/BakemonoBakari/Content/Models/Objects/Mesh/Board.uasset" 359
"D:/Users/kaito/Documents/GitHub/BakemonoBakari/Content/Models/Objects/Texture/stage_texture.uasset" 360
"D:/Users/kaito/Documents/GitHub/BakemonoBakari/Content/Models/Objects/Material/Ashiba.uasset" 361
"D:/Users/kaito/Documents/GitHub/BakemonoBakari/Content/Models/Objects/Mesh/HighGround.uasset" 362
"D:/Users/kaito/Documents/GitHub/BakemonoBakari/Content/Sound/BGM/bgm_battle.uasset" 363
"D:/Users/kaito/Documents/GitHub/BakemonoBakari/Content/Sound/SE/GameOver.uasset" 364
"D:/Users/kaito/Documents/GitHub/BakemonoBakari/Content/UI/Textures/UI_HP.uasset" 365
"D:/Users/kaito/Documents/GitHub/BakemonoBakari/Content/UI/Textures/UI_HP_frame.uasset" 366
"D:/Users/kaito/Documents/GitHub/BakemonoBakari/Content/UI/Textures/UI_HP_HalfLeft.uasset" 367
"D:/Users/kaito/Documents/GitHub/BakemonoBakari/Content/UI/UI_PlayerHP.uasset" 368
"D:/Users/kaito/Documents/GitHub/BakemonoBakari/Content/Maps/Stage0.umap" 369
"D:/Users/kaito/Documents/GitHub/BakemonoBakari/Content/Shader/AnimeShaderParameterCollection.uasset" 370
"D:/Users/kaito/Documents/GitHub/BakemonoBakari/Content/Blueprints/DLightBP.uasset" 371
"D:/Users/kaito/Documents/GitHub/BakemonoBakari/Content/Maps/Stage01_Matsunaka_BuiltData.uasset" 372
"../../../Engine/Content/Functions/Engine_MaterialFunctions02/SplitComponents.uasset" 373
"../../../Engine/Content/MapTemplates/TilingNoise05.uasset" 374
"../../../Engine/Content/EngineSky/M_SkyTimeOfDay.uasset" 375
"D:/Users/kaito/Documents/GitHub/BakemonoBakari/Content/Shader/AnimeShaderMaterial.uasset" 376
"D:/Users/kaito/Documents/GitHub/BakemonoBakari/Content/Shader/AnimeShaderMaterial_Inst.uasset" 377
"../../../Engine/Content/BasicShapes/Sphere.uasset" 378
"D:/Users/kaito/Documents/GitHub/BakemonoBakari/Content/Models/Backgrounds/Materials/Stage01/Back1.uasset" 379
"D:/Users/kaito/Documents/GitHub/BakemonoBakari/Content/Models/Backgrounds/Mesh/Stage01/BackGround01.uasset" 380
"D:/Users/kaito/Documents/GitHub/BakemonoBakari/Content/Models/Backgrounds/Materials/Stage01/Back2.uasset" 381
"D:/Users/kaito/Documents/GitHub/BakemonoBakari/Content/Models/Backgrounds/Mesh/Stage01/BackGround02.uasset" 382
"D:/Users/kaito/Documents/GitHub/BakemonoBakari/Content/Models/Backgrounds/Materials/Stage01/Field1.uasset" 383
"D:/Users/kaito/Documents/GitHub/BakemonoBakari/Content/Models/Backgrounds/Mesh/Stage01/Field.uasset" 384
"D:/Users/kaito/Documents/GitHub/BakemonoBakari/Content/Models/Backgrounds/Materials/Stage01/Mountain1.uasset" 385
"D:/Users/kaito/Documents/GitHub/BakemonoBakari/Content/Models/Backgrounds/Mesh/Stage01/Mountain.uasset" 386
"D:/Users/kaito/Documents/GitHub/BakemonoBakari/Content/Models/Building/Materials/BigHouse1.uasset" 387
"D:/Users/kaito/Documents/GitHub/BakemonoBakari/Content/Models/Building/Mesh/BigHouse.uasset" 388
"D:/Users/kaito/Documents/GitHub/BakemonoBakari/Content/Models/Building/Texture/House01.uasset" 389
"D:/Users/kaito/Documents/GitHub/BakemonoBakari/Content/Models/Building/Texture/House01_displacement.uasset" 390
"D:/Users/kaito/Documents/GitHub/BakemonoBakari/Content/Models/Building/Texture/House01_normal.uasset" 391
"D:/Users/kaito/Documents/GitHub/BakemonoBakari/Content/Models/Building/Materials/House01Material.uasset" 392
"D:/Users/kaito/Documents/GitHub/BakemonoBakari/Content/Models/Building/Mesh/House01.uasset" 393
"D:/Users/kaito/Documents/GitHub/BakemonoBakari/Content/Models/Objects/Material/RiceBales1.uasset" 394
"D:/Users/kaito/Documents/GitHub/BakemonoBakari/Content/Models/Objects/Mesh/RiceBales.uasset" 395
"D:/Users/kaito/Documents/GitHub/BakemonoBakari/Content/Maps/Stage01_Matsunaka.umap" 396
"D:/Users/kaito/Documents/GitHub/BakemonoBakari/Content/Maps/Stage1.umap" 397
"D:/Users/kaito/Documents/GitHub/BakemonoBakari/Content/Blueprints/Kappa_Jump.uasset" 398
"../../../Engine/Content/BasicShapes/BasicShapeMaterial.uasset" 399
"../../../Engine/Content/BasicShapes/Cube.uasset" 400
"D:/Users/kaito/Documents/GitHub/BakemonoBakari/Content/Maps/Stage1_an1.umap" 401
"D:/Users/kaito/Documents/GitHub/BakemonoBakari/Content/Maps/stage1_an1_1_BuiltData.uasset" 402
"D:/Users/kaito/Documents/GitHub/BakemonoBakari/Content/Maps/stage1_an1_1.umap" 403
"D:/Users/kaito/Documents/GitHub/BakemonoBakari/Content/Maps/StageBase_BuiltData.uasset" 404
"D:/Users/kaito/Documents/GitHub/BakemonoBakari/Content/Maps/StageBase.umap" 405
"D:/Users/kaito/Documents/GitHub/BakemonoBakari/Content/Maps/stage_ex_BuiltData.uasset" 406
"D:/Users/kaito/Documents/GitHub/BakemonoBakari/Content/Models/Objects/Mesh/Ashiba.uasset" 407
"D:/Users/kaito/Documents/GitHub/BakemonoBakari/Content/Maps/stage_ex.umap" 408
"D:/Users/kaito/Documents/GitHub/BakemonoBakari/Content/Models/Enemy/Nekomata/Character/Texture/nekomata_texture.uasset" 409
"D:/Users/kaito/Documents/GitHub/BakemonoBakari/Content/Models/Enemy/Nekomata/Character/Material/Nekomata_Material.uasset" 410
"D:/Users/kaito/Documents/GitHub/BakemonoBakari/Content/Models/Enemy/Nekomata/Character/Mesh/Nekomata_PhysicsAsset.uasset" 411
"D:/Users/kaito/Documents/GitHub/BakemonoBakari/Content/Models/Enemy/Nekomata/Character/Mesh/Nekomata_Skeleton.uasset" 412
"D:/Users/kaito/Documents/GitHub/BakemonoBakari/Content/Models/Enemy/Nekomata/Character/Mesh/Nekomata.uasset" 413
"D:/Users/kaito/Documents/GitHub/BakemonoBakari/Content/Models/Enemy/TutorialEnemy/Character/Mesh/TutorialEnemy_attack_PhysicsAsset.uasset" 414
"D:/Users/kaito/Documents/GitHub/BakemonoBakari/Content/Models/Enemy/TutorialEnemy/Character/Mesh/TutorialEnemy_attack_Skeleton.uasset" 415
"D:/Users/kaito/Documents/GitHub/BakemonoBakari/Content/Models/Enemy/TutorialEnemy/Character/Mesh/TutorialEnemy_attack.uasset" 416
"D:/Users/kaito/Documents/GitHub/BakemonoBakari/Content/Models/Enemy/Yatagarasu/Character/Texture/Yatagarasu_texture.uasset" 417
"D:/Users/kaito/Documents/GitHub/BakemonoBakari/Content/Models/Enemy/Yatagarasu/Character/Materials/Yatagarasu_Material.uasset" 418
"D:/Users/kaito/Documents/GitHub/BakemonoBakari/Content/Models/Enemy/Yatagarasu/Character/Mash/Yatagarasu_Idle_PhysicsAsset.uasset" 419
"D:/Users/kaito/Documents/GitHub/BakemonoBakari/Content/Models/Enemy/Yatagarasu/Character/Mash/Yatagarasu_Idle.uasset" 420
"D:/Users/kaito/Documents/GitHub/BakemonoBakari/Content/Models/PlayerCharacter/Character/Mesh/PlayerCharacter_PhysicsAsset.uasset" 421
"D:/Users/kaito/Documents/GitHub/BakemonoBakari/Content/Models/PlayerCharacter/Character/Mesh/PlayerCharacter_Skeleton.uasset" 422
"D:/Users/kaito/Documents/GitHub/BakemonoBakari/Content/Models/PlayerCharacter/Character/Mesh/PlayerCharacter.uasset" 423
"D:/Users/kaito/Documents/GitHub/BakemonoBakari/Content/Maps/TestStage.umap" 424
"../../../Engine/Content/EngineSky/C_Sky_Cloud_Color.uasset" 425
"../../../Engine/Content/EngineSky/C_Sky_Horizon_Color.uasset" 426
"../../../Engine/Content/EngineSky/C_Sky_Zenith_Color.uasset" 427
"../../../Engine/Content/EngineSky/T_Sky_Blue.uasset" 428
"../../../Engine/Content/EngineSky/T_Sky_Clouds_M.uasset" 429
"../../../Engine/Content/EngineSky/T_Sky_Stars.uasset" 430
"../../../Engine/Content/EngineSky/M_Sky_Panning_Clouds2.uasset" 431
"../../../Engine/Content/EngineSky/SM_SkySphere.uasset" 432
"../../../Engine/Content/EngineSky/BP_Sky_Sphere.uasset" 433
"D:/Users/kaito/Documents/GitHub/BakemonoBakari/Content/Maps/Title_BuiltData.uasset" 434
"D:/Users/kaito/Documents/GitHub/BakemonoBakari/Content/UI/Textures/UI_Button.uasset" 435
"D:/Users/kaito/Documents/GitHub/BakemonoBakari/Content/UI/Textures/UI_Button_Select.uasset" 436
"D:/Users/kaito/Documents/GitHub/BakemonoBakari/Content/UI/TitleSettingWidget.uasset" 437
"D:/Users/kaito/Documents/GitHub/BakemonoBakari/Content/Sound/SE/SelectSE.uasset" 438
"D:/Users/kaito/Documents/GitHub/BakemonoBakari/Content/UI/TitleLogo/TitleLogo.uasset" 439
"D:/Users/kaito/Documents/GitHub/BakemonoBakari/Content/UI/TitleWidget.uasset" 440
"D:/Users/kaito/Documents/GitHub/BakemonoBakari/Content/Sound/BGM/bgm.uasset" 441
"D:/Users/kaito/Documents/GitHub/BakemonoBakari/Content/Sound/BGM/bgm_Cue.uasset" 442
"D:/Users/kaito/Documents/GitHub/BakemonoBakari/Content/Maps/Title.umap" 443
"../../../Engine/Content/Maps/Entry_BuiltData.uasset" 444
"../../../Engine/Content/Maps/Entry.umap" 445
